<?xml version="1.0" encoding="UTF-8"?>
<testsuite xmlns:xsi="http://www.w3.org/2001/XMLSchema-instance" xsi:noNamespaceSchemaLocation="https://maven.apache.org/surefire/maven-failsafe-plugin/xsd/failsafe-test-report-3.0.xsd" version="3.0" name="CucumberTestSuite" time="153.515" tests="3" errors="2" skipped="0" failures="0">
  <properties>
[...]
</properties>
  <testcase name="Success create contact" classname="add contact in my jurnal" time="68.625">
    <error type="org.openqa.selenium.NoSuchElementException"><![CDATA[org.openqa.selenium.NoSuchElementException: 
Timed out after 2 seconds. Element not found
For documentation on this error, please visit: https://selenium.dev/exceptions/#no_such_element
Build info: version: '4.1.2', revision: '9a5a329c5a'
System info: host: 'RIKO', ip: '192.168.1.30', os.name: 'Windows 8.1', os.arch: 'amd64', os.version: '6.3', java.version: '1.8.0_333'
Driver info: driver.version: unknown
]]></error>
    <system-out><![CDATA[15:59:05.593 [main] INFO  i.c.core.plugin.SerenityReporter - Running feature from file:///G:/Alterra%20Academy/GitHub/OrangeHRM_serenity-cucumber-starter/src/test/resources/features/AddContact.feature
15:59:06.003 [main] INFO   - 

-------------------------------------------------------------------------------------
     _______. _______ .______       _______ .__   __.  __  .___________.____    ____ 
    /       ||   ____||   _  \     |   ____||  \ |  | |  | |           |\   \  /   / 
   |   (----`|  |__   |  |_)  |    |  |__   |   \|  | |  | `---|  |----` \   \/   /  
    \   \    |   __|  |      /     |   __|  |  . `  | |  |     |  |       \_    _/   
.----)   |   |  |____ |  |\  \----.|  |____ |  |\   | |  |     |  |         |  |     
|_______/    |_______|| _| `._____||_______||__| \__| |__|     |__|         |__|    
                                                                                     
 News and tutorials at http://www.serenity-bdd.info                                  
 Documentation at https://wakaleo.gitbooks.io/the-serenity-book/content/             
 Join the Serenity Community on Gitter: https://gitter.im/serenity-bdd/serenity-core 
 Serenity BDD Support and Training at http://serenity-bdd.info/#/trainingandsupport  
-------------------------------------------------------------------------------------

15:59:06.011 [main] INFO   - Test Suite Started: add contact in my jurnal
15:59:06.043 [main] INFO  i.c.core.plugin.SerenityReporter - Running feature from file:///G:/Alterra%20Academy/GitHub/OrangeHRM_serenity-cucumber-starter/src/test/resources/features/AddProducts.feature
15:59:06.069 [main] INFO   - Test Suite Started: Input New Product in My Jurnal.id
15:59:06.071 [main] INFO  i.c.core.plugin.SerenityReporter - Running feature from file:///G:/Alterra%20Academy/GitHub/OrangeHRM_serenity-cucumber-starter/src/test/resources/features/AddContact.feature
15:59:06.078 [main] INFO   - Test Suite Started: add contact in my jurnal

Scenario: Success create contact            &amp#27;[90m# src/test/resources/features/AddContact.feature:3&amp#27;[0m
15:59:06.338 [main] INFO  i.c.core.plugin.SerenityReporter - Running feature from file:///G:/Alterra%20Academy/GitHub/OrangeHRM_serenity-cucumber-starter/src/test/resources/features/AddContact.feature
15:59:06.536 [main] INFO   - 
  _____   ___   ___   _____     ___   _____     _     ___   _____   ___   ___  
 |_   _| | __| / __| |_   _|   / __| |_   _|   /_\   | _ \ |_   _| | __| |   \ 
   | |   | _|  \__ \   | |     \__ \   | |    / _ \  |   /   | |   | _|  | |) |
   |_|   |___| |___/   |_|     |___/   |_|   /_/ \_\ |_|_\   |_|   |___| |___/ 

Success create contact(add-contact-in-my-jurnal;success-create-contact)
--------------------------------------------------------------------------------
15:59:07.639 [main] INFO  n.s.c.w.d.ChromeDriverProvider - Using automatically driver download
15:59:09.433 [main] INFO  i.g.bonigarcia.wdm.WebDriverManager - Using chromedriver 102.0.5005.61 (resolved driver for Chrome 102)
15:59:09.470 [main] INFO  i.g.bonigarcia.wdm.WebDriverManager - Exporting webdriver.chrome.driver as C:\Users\Rikowahyu\.cache\selenium\chromedriver\win32\102.0.5005.61\chromedriver.exe
  &amp#27;[32mGiven &amp#27;[0m&amp#27;[32mI already logged in&amp#27;[0m                 &amp#27;[90m# starter.StepDefinition.LoginStepdefs.iAlreadyLoggedIn()&amp#27;[0m
  &amp#27;[32mWhen &amp#27;[0m&amp#27;[32mI click contact menu&amp#27;[0m                 &amp#27;[90m# starter.StepDefinition.AddContactStepdefs.clickContactMenu()&amp#27;[0m
  &amp#27;[32mThen &amp#27;[0m&amp#27;[32mContact page appear&amp#27;[0m                  &amp#27;[90m# starter.StepDefinition.AddContactStepdefs.contactPageAppear()&amp#27;[0m
  &amp#27;[32mWhen &amp#27;[0m&amp#27;[32mI click new contact&amp#27;[0m                  &amp#27;[90m# starter.StepDefinition.AddContactStepdefs.clickNewContact()&amp#27;[0m
  &amp#27;[32mThen &amp#27;[0m&amp#27;[32mCreate new contact page appear&amp#27;[0m       &amp#27;[90m# starter.StepDefinition.AddContactStepdefs.createNewContactPageAppear()&amp#27;[0m
  &amp#27;[32mWhen &amp#27;[0m&amp#27;[32mI fill name with &amp#27;[0m&amp#27;[32m&amp#27;[1m"Winny"&amp#27;[0m             &amp#27;[90m# starter.StepDefinition.AddContactStepdefs.fillName(java.lang.String)&amp#27;[0m
  &amp#27;[32mAnd &amp#27;[0m&amp#27;[32mI choose contact type as customer&amp#27;[0m     &amp#27;[90m# starter.StepDefinition.AddContactStepdefs.ChooseContactTypeAsCustomer()&amp#27;[0m
  &amp#27;[32mAnd &amp#27;[0m&amp#27;[32mI click add button&amp#27;[0m                    &amp#27;[90m# starter.StepDefinition.AddContactStepdefs.ClickAddButton()&amp#27;[0m
  &amp#27;[31mThen &amp#27;[0m&amp#27;[31mContact with name &amp#27;[0m&amp#27;[31m&amp#27;[1m"Winny"&amp#27;[0m&amp#27;[31m is created&amp#27;[0m &amp#27;[90m# starter.StepDefinition.AddContactStepdefs.contactNameCreated(java.lang.String)&amp#27;[0m
      &amp#27;[31morg.openqa.selenium.NoSuchElementException: Timed out after 2 seconds. Element not found
For documentation on this error, please visit: https://selenium.dev/exceptions/#no_such_element
Build info: version: '4.1.2', revision: '9a5a329c5a'
System info: host: 'RIKO', ip: '192.168.1.30', os.name: 'Windows 8.1', os.arch: 'amd64', os.version: '6.3', java.version: '1.8.0_333'
Driver info: driver.version: unknown
	at net.thucydides.core.annotations.locators.SmartAjaxElementLocator.ajaxFindElement(SmartAjaxElementLocator.java:164)
	at net.thucydides.core.annotations.locators.SmartAjaxElementLocator.findElement(SmartAjaxElementLocator.java:116)
	at org.openqa.selenium.support.pagefactory.internal.LocatingElementHandler.invoke(LocatingElementHandler.java:39)
	at com.sun.proxy.$Proxy51.getText(Unknown Source)
	at starter.Pages.ContactDetail.getContactName(ContactDetail.java:16)
	at starter.Step.AddContactStep.verifyContactCreated(AddContactStep.java:56)
	at starter.Step.AddContactStep$ByteBuddy$vJaL7rh6.verifyContactCreated$accessor$RNwDm7ZX(Unknown Source)
	at sun.reflect.NativeMethodAccessorImpl.invoke0(Native Method)
	at sun.reflect.NativeMethodAccessorImpl.invoke(NativeMethodAccessorImpl.java:62)
	at sun.reflect.DelegatingMethodAccessorImpl.invoke(DelegatingMethodAccessorImpl.java:43)
	at java.lang.reflect.Method.invoke(Method.java:498)
	at net.thucydides.core.steps.StepInterceptor.invokeMethod(StepInterceptor.java:503)
	at net.thucydides.core.steps.StepInterceptor.executeTestStepMethod(StepInterceptor.java:483)
	at net.thucydides.core.steps.StepInterceptor.runTestStep(StepInterceptor.java:457)
	at net.thucydides.core.steps.StepInterceptor.runOrSkipMethod(StepInterceptor.java:209)
	at net.thucydides.core.steps.StepInterceptor.testStepResult(StepInterceptor.java:196)
	at net.thucydides.core.steps.StepInterceptor.intercept(StepInterceptor.java:84)
	at net.thucydides.core.steps.ProxyConfiguration$InterceptorDispatcher.intercept(ProxyConfiguration.java:51)
	at starter.Step.AddContactStep$ByteBuddy$vJaL7rh6.verifyContactCreated(Unknown Source)
	at starter.StepDefinition.AddContactStepdefs.contactNameCreated(AddContactStepdefs.java:51)
	at âœ½.Contact with name "Winny" is created(file:///G:/Alterra%20Academy/GitHub/OrangeHRM_serenity-cucumber-starter/src/test/resources/features/AddContact.feature:12)
&amp#27;[0m
  &amp#27;[36mAnd &amp#27;[0m&amp#27;[36mContact type should be &amp#27;[0m&amp#27;[36m&amp#27;[1m"Customer"&amp#27;[0m     &amp#27;[90m# starter.StepDefinition.AddContactStepdefs.contactTypeShouldBe(java.lang.String)&amp#27;[0m
16:00:13.726 [main] ERROR  - 
  _____   ___   ___   _____     ___   ___   ___    ___    ___ 
 |_   _| | __| / __| |_   _|   | __| | _ \ | _ \  / _ \  | _ \
   | |   | _|  \__ \   | |     | _|  |   / |   / | (_) | |   /
   |_|   |___| |___/   |_|     |___| |_|_\ |_|_\  \___/  |_|_\

Success create contact
---------------------------------------------------------------
16:00:13.732 [main] ERROR  -     Test failed at step: Verify contact created: Winny
16:00:13.733 [main] ERROR  -     Timed out after 2 seconds. Element not found
]]></system-out>
    <system-err><![CDATA[Starting ChromeDriver 102.0.5005.61 (0e59bcc00cc4985ce39ad31c150065f159d95ad3-refs/branch-heads/5005@{#819}) on port 57308
Only local connections are allowed.
Please see https://chromedriver.chromium.org/security-considerations for suggestions on keeping ChromeDriver safe.
ChromeDriver was started successfully.
Jun 27, 2022 3:59:12 PM org.openqa.selenium.remote.ProtocolHandshake createSession
INFO: Detected dialect: W3C
Jun 27, 2022 3:59:13 PM org.openqa.selenium.devtools.CdpVersionFinder findNearestMatch
WARNING: Unable to find an exact match for CDP version 102, so returning the closest version found: a no-op implementation
Jun 27, 2022 3:59:13 PM org.openqa.selenium.devtools.CdpVersionFinder findNearestMatch
INFO: Unable to find CDP implementation matching 102.
Jun 27, 2022 3:59:13 PM org.openqa.selenium.chromium.ChromiumDriver lambda$new$3
WARNING: Unable to find version of CDP to use for . You may need to include a dependency on a specific version of the CDP using something similar to `org.seleniumhq.selenium:selenium-devtools-v86:4.1.2` where the version ("v86") matches the version of the chromium-based browser you're using and the version number of the artifact is the same as Selenium's.
]]></system-err>
  </testcase>
  <testcase name="Success fully create contact" classname="add contact in my jurnal" time="40.638">
    <error type="org.openqa.selenium.NoSuchElementException"><![CDATA[org.openqa.selenium.NoSuchElementException: 
Timed out after 2 seconds. Element not found
For documentation on this error, please visit: https://selenium.dev/exceptions/#no_such_element
Build info: version: '4.1.2', revision: '9a5a329c5a'
System info: host: 'RIKO', ip: '192.168.1.30', os.name: 'Windows 8.1', os.arch: 'amd64', os.version: '6.3', java.version: '1.8.0_333'
Driver info: driver.version: unknown
]]></error>
    <system-out><![CDATA[
Scenario Outline: Success fully create contact &amp#27;[90m# src/test/resources/features/AddContact.feature:29&amp#27;[0m
16:00:14.761 [main] INFO  i.c.core.plugin.SerenityReporter - Running feature from file:///G:/Alterra%20Academy/GitHub/OrangeHRM_serenity-cucumber-starter/src/test/resources/features/AddContact.feature
16:00:14.778 [main] INFO   - 
  _____   ___   ___   _____     ___   _____     _     ___   _____   ___   ___  
 |_   _| | __| / __| |_   _|   / __| |_   _|   /_\   | _ \ |_   _| | __| |   \ 
   | |   | _|  \__ \   | |     \__ \   | |    / _ \  |   /   | |   | _|  | |) |
   |_|   |___| |___/   |_|     |___/   |_|   /_/ \_\ |_|_\   |_|   |___| |___/ 

Success fully create contact(add-contact-in-my-jurnal;success-fully-create-contact)
--------------------------------------------------------------------------------
16:00:14.843 [main] INFO  n.s.c.w.d.ChromeDriverProvider - Using automatically driver download
16:00:15.132 [main] INFO  i.g.bonigarcia.wdm.WebDriverManager - Using chromedriver 102.0.5005.61 (resolved driver for Chrome 102)
16:00:15.152 [main] INFO  i.g.bonigarcia.wdm.WebDriverManager - Exporting webdriver.chrome.driver as C:\Users\Rikowahyu\.cache\selenium\chromedriver\win32\102.0.5005.61\chromedriver.exe
  &amp#27;[32mGiven &amp#27;[0m&amp#27;[32mI already logged in&amp#27;[0m                    &amp#27;[90m# starter.StepDefinition.LoginStepdefs.iAlreadyLoggedIn()&amp#27;[0m
  &amp#27;[32mWhen &amp#27;[0m&amp#27;[32mI click contact menu&amp#27;[0m                    &amp#27;[90m# starter.StepDefinition.AddContactStepdefs.clickContactMenu()&amp#27;[0m
  &amp#27;[32mThen &amp#27;[0m&amp#27;[32mContact page appear&amp#27;[0m                     &amp#27;[90m# starter.StepDefinition.AddContactStepdefs.contactPageAppear()&amp#27;[0m
  &amp#27;[32mWhen &amp#27;[0m&amp#27;[32mI click new contact&amp#27;[0m                     &amp#27;[90m# starter.StepDefinition.AddContactStepdefs.clickNewContact()&amp#27;[0m
  &amp#27;[32mThen &amp#27;[0m&amp#27;[32mCreate new contact page appear&amp#27;[0m          &amp#27;[90m# starter.StepDefinition.AddContactStepdefs.createNewContactPageAppear()&amp#27;[0m
  &amp#27;[32mWhen &amp#27;[0m&amp#27;[32mI fill name with &amp#27;[0m&amp#27;[32m&amp#27;[1m"Olive"&amp#27;[0m                &amp#27;[90m# starter.StepDefinition.AddContactStepdefs.fillName(java.lang.String)&amp#27;[0m
  &amp#27;[32mAnd &amp#27;[0m&amp#27;[32mI choose contact type as customer&amp#27;[0m        &amp#27;[90m# starter.StepDefinition.AddContactStepdefs.ChooseContactTypeAsCustomer()&amp#27;[0m
  &amp#27;[32mThen &amp#27;[0m&amp#27;[32mI input Number Phone &amp#27;[0m&amp#27;[32m&amp#27;[1m"081255889990"&amp#27;[0m     &amp#27;[90m# starter.StepDefinition.AddContactStepdefs.iInputNumberPhone(java.lang.String)&amp#27;[0m
  &amp#27;[32mAnd &amp#27;[0m&amp#27;[32mI click add button&amp#27;[0m                       &amp#27;[90m# starter.StepDefinition.AddContactStepdefs.ClickAddButton()&amp#27;[0m
  &amp#27;[31mThen &amp#27;[0m&amp#27;[31mContact with name &amp#27;[0m&amp#27;[31m&amp#27;[1m"Olive"&amp#27;[0m&amp#27;[31m is created&amp#27;[0m    &amp#27;[90m# starter.StepDefinition.AddContactStepdefs.contactNameCreated(java.lang.String)&amp#27;[0m
      &amp#27;[31morg.openqa.selenium.NoSuchElementException: Timed out after 2 seconds. Element not found
For documentation on this error, please visit: https://selenium.dev/exceptions/#no_such_element
Build info: version: '4.1.2', revision: '9a5a329c5a'
System info: host: 'RIKO', ip: '192.168.1.30', os.name: 'Windows 8.1', os.arch: 'amd64', os.version: '6.3', java.version: '1.8.0_333'
Driver info: driver.version: unknown
	at net.thucydides.core.annotations.locators.SmartAjaxElementLocator.ajaxFindElement(SmartAjaxElementLocator.java:164)
	at net.thucydides.core.annotations.locators.SmartAjaxElementLocator.findElement(SmartAjaxElementLocator.java:116)
	at org.openqa.selenium.support.pagefactory.internal.LocatingElementHandler.invoke(LocatingElementHandler.java:39)
	at com.sun.proxy.$Proxy51.getText(Unknown Source)
	at starter.Pages.ContactDetail.getContactName(ContactDetail.java:16)
	at starter.Step.AddContactStep.verifyContactCreated(AddContactStep.java:56)
	at starter.Step.AddContactStep$ByteBuddy$vJaL7rh6.verifyContactCreated$accessor$RNwDm7ZX(Unknown Source)
	at sun.reflect.NativeMethodAccessorImpl.invoke0(Native Method)
	at sun.reflect.NativeMethodAccessorImpl.invoke(NativeMethodAccessorImpl.java:62)
	at sun.reflect.DelegatingMethodAccessorImpl.invoke(DelegatingMethodAccessorImpl.java:43)
	at java.lang.reflect.Method.invoke(Method.java:498)
	at net.thucydides.core.steps.StepInterceptor.invokeMethod(StepInterceptor.java:503)
	at net.thucydides.core.steps.StepInterceptor.executeTestStepMethod(StepInterceptor.java:483)
	at net.thucydides.core.steps.StepInterceptor.runTestStep(StepInterceptor.java:457)
	at net.thucydides.core.steps.StepInterceptor.runOrSkipMethod(StepInterceptor.java:209)
	at net.thucydides.core.steps.StepInterceptor.testStepResult(StepInterceptor.java:196)
	at net.thucydides.core.steps.StepInterceptor.intercept(StepInterceptor.java:84)
	at net.thucydides.core.steps.ProxyConfiguration$InterceptorDispatcher.intercept(ProxyConfiguration.java:51)
	at starter.Step.AddContactStep$ByteBuddy$vJaL7rh6.verifyContactCreated(Unknown Source)
	at starter.StepDefinition.AddContactStepdefs.contactNameCreated(AddContactStepdefs.java:51)
	at âœ½.Contact with name "Olive" is created(file:///G:/Alterra%20Academy/GitHub/OrangeHRM_serenity-cucumber-starter/src/test/resources/features/AddContact.feature:25)
&amp#27;[0m
  &amp#27;[36mAnd &amp#27;[0m&amp#27;[36mContact type should be &amp#27;[0m&amp#27;[36m&amp#27;[1m"Customer"&amp#27;[0m        &amp#27;[90m# starter.StepDefinition.AddContactStepdefs.contactTypeShouldBe(java.lang.String)&amp#27;[0m
16:00:55.354 [main] ERROR  - 
  _____   ___   ___   _____     ___   ___   ___    ___    ___ 
 |_   _| | __| / __| |_   _|   | __| | _ \ | _ \  / _ \  | _ \
   | |   | _|  \__ \   | |     | _|  |   / |   / | (_) | |   /
   |_|   |___| |___/   |_|     |___| |_|_\ |_|_\  \___/  |_|_\

Success fully create contact
---------------------------------------------------------------
16:00:55.355 [main] ERROR  -     Test failed at step: Verify contact created: Olive
16:00:55.356 [main] ERROR  -     Timed out after 2 seconds. Element not found
]]></system-out>
    <system-err><![CDATA[Starting ChromeDriver 102.0.5005.61 (0e59bcc00cc4985ce39ad31c150065f159d95ad3-refs/branch-heads/5005@{#819}) on port 63042
Only local connections are allowed.
Please see https://chromedriver.chromium.org/security-considerations for suggestions on keeping ChromeDriver safe.
ChromeDriver was started successfully.
Jun 27, 2022 4:00:16 PM org.openqa.selenium.remote.ProtocolHandshake createSession
INFO: Detected dialect: W3C
Jun 27, 2022 4:00:16 PM org.openqa.selenium.devtools.CdpVersionFinder findNearestMatch
WARNING: Unable to find an exact match for CDP version 102, so returning the closest version found: a no-op implementation
Jun 27, 2022 4:00:16 PM org.openqa.selenium.devtools.CdpVersionFinder findNearestMatch
INFO: Unable to find CDP implementation matching 102.
Jun 27, 2022 4:00:16 PM org.openqa.selenium.chromium.ChromiumDriver lambda$new$3
WARNING: Unable to find version of CDP to use for . You may need to include a dependency on a specific version of the CDP using something similar to `org.seleniumhq.selenium:selenium-devtools-v86:4.1.2` where the version ("v86") matches the version of the chromium-based browser you're using and the version number of the artifact is the same as Selenium's.
]]></system-err>
  </testcase>
  <testcase name="Input New Product" classname="Input New Product in My Jurnal.id" time="37.357">
    <system-out><![CDATA[16:00:55.363 [main] INFO  i.c.core.plugin.SerenityReporter - Running feature from file:///G:/Alterra%20Academy/GitHub/OrangeHRM_serenity-cucumber-starter/src/test/resources/features/AddProducts.feature
16:00:55.381 [main] INFO   - Test Suite Started: Input New Product in My Jurnal.id

Scenario: Input New Product                                &amp#27;[90m# src/test/resources/features/AddProducts.feature:3&amp#27;[0m
16:00:55.422 [main] INFO  i.c.core.plugin.SerenityReporter - Running feature from file:///G:/Alterra%20Academy/GitHub/OrangeHRM_serenity-cucumber-starter/src/test/resources/features/AddProducts.feature
16:00:55.426 [main] INFO   - 
  _____   ___   ___   _____     ___   _____     _     ___   _____   ___   ___  
 |_   _| | __| / __| |_   _|   / __| |_   _|   /_\   | _ \ |_   _| | __| |   \ 
   | |   | _|  \__ \   | |     \__ \   | |    / _ \  |   /   | |   | _|  | |) |
   |_|   |___| |___/   |_|     |___/   |_|   /_/ \_\ |_|_\   |_|   |___| |___/ 

Input New Product(input-new-product-in-my-jurnal.id;input-new-product)
--------------------------------------------------------------------------------
16:00:55.501 [main] INFO  n.s.c.w.d.ChromeDriverProvider - Using automatically driver download
16:00:55.761 [main] INFO  i.g.bonigarcia.wdm.WebDriverManager - Using chromedriver 102.0.5005.61 (resolved driver for Chrome 102)
16:00:55.780 [main] INFO  i.g.bonigarcia.wdm.WebDriverManager - Exporting webdriver.chrome.driver as C:\Users\Rikowahyu\.cache\selenium\chromedriver\win32\102.0.5005.61\chromedriver.exe
  &amp#27;[32mGiven &amp#27;[0m&amp#27;[32mI already logged in&amp#27;[0m                                &amp#27;[90m# starter.StepDefinition.LoginStepdefs.iAlreadyLoggedIn()&amp#27;[0m
  &amp#27;[32mWhen &amp#27;[0m&amp#27;[32mI click product menu&amp#27;[0m                                &amp#27;[90m# starter.StepDefinition.AddProductStepdefs.iClickProductMenu()&amp#27;[0m
  &amp#27;[32mThen &amp#27;[0m&amp#27;[32mproduct page appear&amp#27;[0m                                 &amp#27;[90m# starter.StepDefinition.AddProductStepdefs.productPageAppear()&amp#27;[0m
  &amp#27;[32mWhen &amp#27;[0m&amp#27;[32mI click action button&amp#27;[0m                               &amp#27;[90m# starter.StepDefinition.AddProductStepdefs.iClickActionButton()&amp#27;[0m
  &amp#27;[32mAnd &amp#27;[0m&amp#27;[32mI choose new product&amp#27;[0m                                 &amp#27;[90m# starter.StepDefinition.AddProductStepdefs.iChooseNewProduct()&amp#27;[0m
  &amp#27;[32mThen &amp#27;[0m&amp#27;[32mcreate new product page appear&amp#27;[0m                      &amp#27;[90m# starter.StepDefinition.AddProductStepdefs.createNewProductPageAppear()&amp#27;[0m
  &amp#27;[32mWhen &amp#27;[0m&amp#27;[32mI input name with &amp#27;[0m&amp#27;[32m&amp#27;[1m"SIDU BOOK 38"&amp#27;[0m                    &amp#27;[90m# starter.StepDefinition.AddProductStepdefs.iInputNameWith(java.lang.String)&amp#27;[0m
  &amp#27;[32mAnd &amp#27;[0m&amp#27;[32mI input CodeOrSKU &amp#27;[0m&amp#27;[32m&amp#27;[1m"SDU38101101"&amp#27;[0m                      &amp#27;[90m# starter.StepDefinition.AddProductStepdefs.iInputCodeOrSKU(java.lang.String)&amp#27;[0m
  &amp#27;[32mAnd &amp#27;[0m&amp#27;[32mI click field category&amp#27;[0m                               &amp#27;[90m# starter.StepDefinition.AddProductStepdefs.iClickFieldCategory()&amp#27;[0m
  &amp#27;[32mAnd &amp#27;[0m&amp#27;[32mI input name category with &amp#27;[0m&amp#27;[32m&amp#27;[1m"BOOK"&amp#27;[0m                    &amp#27;[90m# starter.StepDefinition.AddProductStepdefs.inputNameCategoryWith(java.lang.String)&amp#27;[0m
  &amp#27;[32mAnd &amp#27;[0m&amp#27;[32mI input unit &amp#27;[0m&amp#27;[32m&amp#27;[1m"100"&amp#27;[0m                                   &amp#27;[90m# starter.StepDefinition.AddProductStepdefs.iInputUnit(java.lang.String)&amp#27;[0m
  &amp#27;[32mAnd &amp#27;[0m&amp#27;[32mI input Description &amp#27;[0m&amp#27;[32m&amp#27;[1m"Buku Sidu 38 Lembar isi 10 PCS"&amp#27;[0m &amp#27;[90m# starter.StepDefinition.AddProductStepdefs.iInputDescription(java.lang.String)&amp#27;[0m
  &amp#27;[32mAnd &amp#27;[0m&amp#27;[32mI click check box I buy this item button&amp#27;[0m             &amp#27;[90m# starter.StepDefinition.AddProductStepdefs.iClickCheckBoxIBuyThisItemButton()&amp#27;[0m
  &amp#27;[32mAnd &amp#27;[0m&amp#27;[32mI click check box I sell this item button&amp#27;[0m            &amp#27;[90m# starter.StepDefinition.AddProductStepdefs.iClickISellThisItemButton()&amp#27;[0m
  &amp#27;[32mAnd &amp#27;[0m&amp#27;[32mI click check box I track stock for this item button&amp#27;[0m &amp#27;[90m# starter.StepDefinition.AddProductStepdefs.iClickCheckBoxITrackStockForThisItemButton()&amp#27;[0m
  &amp#27;[32mAnd &amp#27;[0m&amp#27;[32mI click create product button&amp#27;[0m                        &amp#27;[90m# starter.StepDefinition.AddProductStepdefs.iClickCreateProductButton()&amp#27;[0m
  &amp#27;[32mThen &amp#27;[0m&amp#27;[32mproduct detail should be appear&amp#27;[0m                     &amp#27;[90m# starter.StepDefinition.AddProductStepdefs.productDetailShouldBeAppear()&amp#27;[0m
16:01:31.989 [main] INFO   - 
  _____   ___   ___   _____     ___     _     ___   ___   ___   ___  
 |_   _| | __| / __| |_   _|   | _ \   /_\   / __| / __| | __| |   \ 
   | |   | _|  \__ \   | |     |  _/  / _ \  \__ \ \__ \ | _|  | |) |
   |_|   |___| |___/   |_|     |_|   /_/ \_\ |___/ |___/ |___| |___/ 

Input New Product
----------------------------------------------------------------------
]]></system-out>
    <system-err><![CDATA[Starting ChromeDriver 102.0.5005.61 (0e59bcc00cc4985ce39ad31c150065f159d95ad3-refs/branch-heads/5005@{#819}) on port 59775
Only local connections are allowed.
Please see https://chromedriver.chromium.org/security-considerations for suggestions on keeping ChromeDriver safe.
ChromeDriver was started successfully.
Jun 27, 2022 4:00:57 PM org.openqa.selenium.remote.ProtocolHandshake createSession
INFO: Detected dialect: W3C
Jun 27, 2022 4:00:57 PM org.openqa.selenium.devtools.CdpVersionFinder findNearestMatch
WARNING: Unable to find an exact match for CDP version 102, so returning the closest version found: a no-op implementation
Jun 27, 2022 4:00:57 PM org.openqa.selenium.devtools.CdpVersionFinder findNearestMatch
INFO: Unable to find CDP implementation matching 102.
Jun 27, 2022 4:00:57 PM org.openqa.selenium.chromium.ChromiumDriver lambda$new$3
WARNING: Unable to find version of CDP to use for . You may need to include a dependency on a specific version of the CDP using something similar to `org.seleniumhq.selenium:selenium-devtools-v86:4.1.2` where the version ("v86") matches the version of the chromium-based browser you're using and the version number of the artifact is the same as Selenium's.
]]></system-err>
  </testcase>
</testsuite>